<?xml version="1.0" encoding="UTF-8"?>
<!-- Generated by org.testng.reporters.JUnitReportReporter -->
<testsuite hostname="AMAC02VW1N8HTD8" failures="0" tests="3" name="assignment.stream.SelectCheckBoxGenericTest" time="9.405" errors="0" timestamp="26 Feb 2021 08:38:47 GMT" skipped="0">
  <testcase classname="assignment.stream.SelectCheckBoxGenericTest" name="Filterchecbox" time="2.844"/>
  <testcase classname="assignment.stream.SelectCheckBoxGenericTest" name="Filterchecbox" time="3.830"/>
  <testcase classname="assignment.stream.SelectCheckBoxGenericTest" name="Filterchecbox" time="2.731"/>
</testsuite> <!-- assignment.stream.SelectCheckBoxGenericTest -->
