<?xml version="1.0" encoding="UTF-8"?>
<!-- Generated by org.testng.reporters.JUnitReportReporter -->
<testsuite hostname="AMAC02VW1N8HTD8" failures="0" tests="1" name="assignment.stream.GoogleLinksTest" time="2.363" errors="0" timestamp="23 Feb 2021 05:00:21 GMT" skipped="0">
  <testcase classname="assignment.stream.GoogleLinksTest" name="openGoogleModified" time="2.363"/>
</testsuite> <!-- assignment.stream.GoogleLinksTest -->
