<?xml version="1.0" encoding="UTF-8"?>
<!-- Generated by org.testng.reporters.JUnitReportReporter -->
<testsuite hostname="AMAC02VW1N8HTD8" failures="0" tests="2" name="lambda.ParallelStream" time="5.129" errors="0" timestamp="2021-02-27T19:51:27 IST" skipped="0">
  <testcase classname="lambda.ParallelStream" name="calculateTime" time="3.918"/>
  <system-out/>
  <testcase classname="lambda.ParallelStream" name="imporvePerforamnce" time="1.211"/>
  <system-out/>
</testsuite> <!-- lambda.ParallelStream -->
