<?xml version="1.0" encoding="UTF-8"?>
<!-- Generated by org.testng.reporters.JUnitReportReporter -->
<testsuite hostname="AMAC02VW1N8HTD8" failures="0" tests="2" name="assignment.stream.CheckBoxTest" time="6.726" errors="0" timestamp="24 Feb 2021 04:59:00 GMT" skipped="0">
  <testcase classname="assignment.stream.CheckBoxTest" name="Filterchecbox" time="2.753"/>
  <testcase classname="assignment.stream.CheckBoxTest" name="Filterchecbox" time="3.973"/>
</testsuite> <!-- assignment.stream.CheckBoxTest -->
