<?xml version="1.0" encoding="UTF-8"?>
<!-- Generated by org.testng.reporters.JUnitReportReporter -->
<testsuite hostname="AMAC02VW1N8HTD8" failures="0" tests="1" name="assignment.stream.PriceTableTest" time="6.485" errors="0" timestamp="2021-03-05T15:23:08 IST" skipped="0">
  <testcase classname="assignment.stream.PriceTableTest" name="priceTableTest" time="6.485"/>
  <system-out/>
</testsuite> <!-- assignment.stream.PriceTableTest -->
