<?xml version="1.0" encoding="UTF-8"?>
<!-- Generated by org.testng.reporters.JUnitReportReporter -->
<testsuite hostname="AMAC02VW1N8HTD8" failures="0" tests="2" name="assignment.stream.TableDemoTest" time="6.575" errors="0" timestamp="24 Feb 2021 09:00:58 GMT" skipped="0">
  <testcase classname="assignment.stream.TableDemoTest" name="Filterchecbox" time="3.847"/>
  <testcase classname="assignment.stream.TableDemoTest" name="Filterchecbox" time="2.728"/>
</testsuite> <!-- assignment.stream.TableDemoTest -->
