<?xml version="1.0" encoding="UTF-8"?>
<!-- Generated by org.testng.reporters.JUnitReportReporter -->
<testsuite hostname="AMAC02VW1N8HTD8" failures="0" tests="5" name="assignment.stream.SelectCheckBoxCountryTest" time="14.357" errors="0" timestamp="26 Feb 2021 08:14:39 GMT" skipped="0">
  <testcase classname="assignment.stream.SelectCheckBoxCountryTest" name="Filterchecbox" time="2.557"/>
  <testcase classname="assignment.stream.SelectCheckBoxCountryTest" name="Filterchecbox" time="2.526"/>
  <testcase classname="assignment.stream.SelectCheckBoxCountryTest" name="Filterchecbox" time="3.732"/>
  <testcase classname="assignment.stream.SelectCheckBoxCountryTest" name="Filterchecbox" time="2.914"/>
  <testcase classname="assignment.stream.SelectCheckBoxCountryTest" name="Filterchecbox" time="2.628"/>
</testsuite> <!-- assignment.stream.SelectCheckBoxCountryTest -->
