<?xml version="1.0" encoding="UTF-8"?>
<!-- Generated by org.testng.reporters.JUnitReportReporter -->
<testsuite hostname="AMAC02VW1N8HTD8" failures="0" tests="5" name="assignment.stream.SelectCheckBoxCountryBDDTest" time="14.624" errors="0" timestamp="26 Feb 2021 08:41:12 GMT" skipped="0">
  <testcase classname="assignment.stream.SelectCheckBoxCountryBDDTest" name="Filterchecbox" time="2.693"/>
  <testcase classname="assignment.stream.SelectCheckBoxCountryBDDTest" name="Filterchecbox" time="2.840"/>
  <testcase classname="assignment.stream.SelectCheckBoxCountryBDDTest" name="Filterchecbox" time="2.671"/>
  <testcase classname="assignment.stream.SelectCheckBoxCountryBDDTest" name="Filterchecbox" time="2.667"/>
  <testcase classname="assignment.stream.SelectCheckBoxCountryBDDTest" name="Filterchecbox" time="3.753"/>
</testsuite> <!-- assignment.stream.SelectCheckBoxCountryBDDTest -->
