<?xml version="1.0" encoding="UTF-8"?>
<!-- Generated by org.testng.reporters.JUnitReportReporter -->
<testsuite hostname="AMAC02VW1N8HTD8" failures="0" tests="1" name="supplier.interfaces.DriverTest" time="7.071" errors="0" timestamp="20 Feb 2021 11:32:48 GMT" skipped="0">
  <testcase classname="supplier.interfaces.DriverTest" name="openPage" time="7.071"/>
</testsuite> <!-- supplier.interfaces.DriverTest -->
